<?xml version="1.0" encoding="UTF-8"?>
<testsuite name="com.tetras.CircuitTest" tests="7" skipped="0" failures="0" errors="0" timestamp="2021-01-08T10:30:29" hostname="DESKTOP-M2M11R3" time="0.194">
  <properties/>
  <testcase name="testFerrari()" classname="com.tetras.CircuitTest" time="0.127"/>
  <testcase name="testSingleton()" classname="com.tetras.CircuitTest" time="0.021"/>
  <testcase name="testCouleurRenault()" classname="com.tetras.CircuitTest" time="0.009"/>
  <testcase name="testMercedes()" classname="com.tetras.CircuitTest" time="0.011"/>
  <testcase name="testRenault()" classname="com.tetras.CircuitTest" time="0.003"/>
  <testcase name="testCouleurMercedes()" classname="com.tetras.CircuitTest" time="0.002"/>
  <testcase name="testCouleurFerrari()" classname="com.tetras.CircuitTest" time="0.002"/>
  <system-out><![CDATA[]]></system-out>
  <system-err><![CDATA[]]></system-err>
</testsuite>
